{"C:\\Users\\User\\Desktop\\tammy's pro file\\To-Do\\src\\store.js": {"path":"C:\\Users\\User\\Desktop\\tammy's pro file\\To-Do\\src\\store.js","all":false,"statementMap":{"0":{"start":{"line":1,"column":0},"end":{"line":1,"column":38}},"1":{"start":{"line":2,"column":0},"end":{"line":2,"column":46}},"2":{"start":{"line":3,"column":0},"end":{"line":3,"column":40}},"3":{"start":{"line":4,"column":0},"end":{"line":4,"column":42}},"4":{"start":{"line":5,"column":0},"end":{"line":5,"column":51}},"5":{"start":{"line":6,"column":0},"end":{"line":6,"column":48}},"6":{"start":{"line":7,"column":0},"end":{"line":7,"column":56}},"7":{"start":{"line":8,"column":0},"end":{"line":8,"column":0}},"8":{"start":{"line":9,"column":0},"end":{"line":9,"column":39}},"9":{"start":{"line":10,"column":0},"end":{"line":10,"column":17}},"10":{"start":{"line":11,"column":0},"end":{"line":11,"column":25}},"11":{"start":{"line":12,"column":0},"end":{"line":12,"column":0}},"12":{"start":{"line":13,"column":0},"end":{"line":13,"column":31}},"13":{"start":{"line":14,"column":0},"end":{"line":14,"column":0}},"14":{"start":{"line":15,"column":0},"end":{"line":15,"column":65}},"15":{"start":{"line":16,"column":0},"end":{"line":16,"column":0}},"16":{"start":{"line":17,"column":0},"end":{"line":17,"column":32}},"17":{"start":{"line":18,"column":0},"end":{"line":18,"column":26}},"18":{"start":{"line":19,"column":0},"end":{"line":19,"column":20}},"19":{"start":{"line":20,"column":0},"end":{"line":20,"column":71}},"20":{"start":{"line":21,"column":0},"end":{"line":21,"column":41}},"21":{"start":{"line":22,"column":0},"end":{"line":22,"column":14}},"22":{"start":{"line":23,"column":0},"end":{"line":23,"column":7}},"23":{"start":{"line":24,"column":0},"end":{"line":24,"column":24}},"24":{"start":{"line":25,"column":0},"end":{"line":25,"column":29}},"25":{"start":{"line":26,"column":0},"end":{"line":26,"column":14}},"26":{"start":{"line":27,"column":0},"end":{"line":27,"column":7}},"27":{"start":{"line":28,"column":0},"end":{"line":28,"column":24}},"28":{"start":{"line":29,"column":0},"end":{"line":29,"column":21}},"29":{"start":{"line":30,"column":0},"end":{"line":30,"column":41}},"30":{"start":{"line":31,"column":0},"end":{"line":31,"column":40}},"31":{"start":{"line":32,"column":0},"end":{"line":32,"column":0}},"32":{"start":{"line":33,"column":0},"end":{"line":33,"column":25}},"33":{"start":{"line":34,"column":0},"end":{"line":34,"column":36}},"34":{"start":{"line":35,"column":0},"end":{"line":35,"column":33}},"35":{"start":{"line":36,"column":0},"end":{"line":36,"column":0}},"36":{"start":{"line":37,"column":0},"end":{"line":37,"column":25}},"37":{"start":{"line":38,"column":0},"end":{"line":38,"column":35}},"38":{"start":{"line":39,"column":0},"end":{"line":39,"column":32}},"39":{"start":{"line":40,"column":0},"end":{"line":40,"column":14}},"40":{"start":{"line":41,"column":0},"end":{"line":41,"column":7}},"41":{"start":{"line":42,"column":0},"end":{"line":42,"column":22}},"42":{"start":{"line":43,"column":0},"end":{"line":43,"column":33}},"43":{"start":{"line":44,"column":0},"end":{"line":44,"column":24}},"44":{"start":{"line":45,"column":0},"end":{"line":45,"column":32}},"45":{"start":{"line":46,"column":0},"end":{"line":46,"column":37}},"46":{"start":{"line":47,"column":0},"end":{"line":47,"column":29}},"47":{"start":{"line":48,"column":0},"end":{"line":48,"column":12}},"48":{"start":{"line":49,"column":0},"end":{"line":49,"column":27}},"49":{"start":{"line":50,"column":0},"end":{"line":50,"column":9}},"50":{"start":{"line":51,"column":0},"end":{"line":51,"column":14}},"51":{"start":{"line":52,"column":0},"end":{"line":52,"column":7}},"52":{"start":{"line":53,"column":0},"end":{"line":53,"column":23}},"53":{"start":{"line":54,"column":0},"end":{"line":54,"column":41}},"54":{"start":{"line":55,"column":0},"end":{"line":55,"column":41}},"55":{"start":{"line":56,"column":0},"end":{"line":56,"column":41}},"56":{"start":{"line":57,"column":0},"end":{"line":57,"column":9}},"57":{"start":{"line":58,"column":0},"end":{"line":58,"column":14}},"58":{"start":{"line":59,"column":0},"end":{"line":59,"column":7}},"59":{"start":{"line":60,"column":0},"end":{"line":60,"column":25}},"60":{"start":{"line":61,"column":0},"end":{"line":61,"column":67}},"61":{"start":{"line":62,"column":0},"end":{"line":62,"column":54}},"62":{"start":{"line":63,"column":0},"end":{"line":63,"column":14}},"63":{"start":{"line":64,"column":0},"end":{"line":64,"column":7}},"64":{"start":{"line":65,"column":0},"end":{"line":65,"column":29}},"65":{"start":{"line":66,"column":0},"end":{"line":66,"column":99}},"66":{"start":{"line":67,"column":0},"end":{"line":67,"column":14}},"67":{"start":{"line":68,"column":0},"end":{"line":68,"column":7}},"68":{"start":{"line":69,"column":0},"end":{"line":69,"column":14}},"69":{"start":{"line":70,"column":0},"end":{"line":70,"column":14}},"70":{"start":{"line":71,"column":0},"end":{"line":71,"column":5}},"71":{"start":{"line":72,"column":0},"end":{"line":72,"column":0}},"72":{"start":{"line":73,"column":0},"end":{"line":73,"column":54}},"73":{"start":{"line":74,"column":0},"end":{"line":74,"column":4}},"74":{"start":{"line":75,"column":0},"end":{"line":75,"column":0}},"75":{"start":{"line":76,"column":0},"end":{"line":76,"column":10}},"76":{"start":{"line":77,"column":0},"end":{"line":77,"column":13}},"77":{"start":{"line":78,"column":0},"end":{"line":78,"column":14}},"78":{"start":{"line":79,"column":0},"end":{"line":79,"column":13}},"79":{"start":{"line":80,"column":0},"end":{"line":80,"column":4}},"80":{"start":{"line":81,"column":0},"end":{"line":81,"column":1}}},"s":{"0":1,"1":1,"2":1,"3":1,"4":1,"5":1,"6":1,"7":1,"8":1,"9":8,"10":8,"11":8,"12":8,"13":8,"14":8,"15":8,"16":8,"17":12,"18":12,"19":1,"20":1,"21":1,"22":1,"23":12,"24":2,"25":2,"26":2,"27":12,"28":1,"29":1,"30":1,"31":1,"32":1,"33":1,"34":1,"35":1,"36":1,"37":1,"38":1,"39":1,"40":1,"41":12,"42":5,"43":4,"44":4,"45":4,"46":4,"47":4,"48":4,"49":4,"50":5,"51":5,"52":12,"53":1,"54":1,"55":1,"56":1,"57":1,"58":1,"59":12,"60":1,"61":1,"62":1,"63":1,"64":12,"65":1,"66":1,"67":1,"68":12,"69":0,"70":12,"71":12,"72":12,"73":12,"74":8,"75":8,"76":8,"77":8,"78":8,"79":8,"80":8},"branchMap":{"0":{"type":"branch","line":9,"loc":{"start":{"line":9,"column":15},"end":{"line":81,"column":1}},"locations":[{"start":{"line":9,"column":15},"end":{"line":81,"column":1}}]},"1":{"type":"branch","line":13,"loc":{"start":{"line":13,"column":19},"end":{"line":13,"column":31}},"locations":[{"start":{"line":13,"column":19},"end":{"line":13,"column":31}}]},"2":{"type":"branch","line":17,"loc":{"start":{"line":17,"column":20},"end":{"line":74,"column":4}},"locations":[{"start":{"line":17,"column":20},"end":{"line":74,"column":4}}]},"3":{"type":"branch","line":19,"loc":{"start":{"line":19,"column":6},"end":{"line":23,"column":7}},"locations":[{"start":{"line":19,"column":6},"end":{"line":23,"column":7}}]},"4":{"type":"branch","line":24,"loc":{"start":{"line":24,"column":6},"end":{"line":27,"column":7}},"locations":[{"start":{"line":24,"column":6},"end":{"line":27,"column":7}}]},"5":{"type":"branch","line":28,"loc":{"start":{"line":28,"column":6},"end":{"line":41,"column":7}},"locations":[{"start":{"line":28,"column":6},"end":{"line":41,"column":7}}]},"6":{"type":"branch","line":42,"loc":{"start":{"line":42,"column":6},"end":{"line":52,"column":7}},"locations":[{"start":{"line":42,"column":6},"end":{"line":52,"column":7}}]},"7":{"type":"branch","line":43,"loc":{"start":{"line":43,"column":32},"end":{"line":50,"column":9}},"locations":[{"start":{"line":43,"column":32},"end":{"line":50,"column":9}}]},"8":{"type":"branch","line":53,"loc":{"start":{"line":53,"column":6},"end":{"line":59,"column":7}},"locations":[{"start":{"line":53,"column":6},"end":{"line":59,"column":7}}]},"9":{"type":"branch","line":60,"loc":{"start":{"line":60,"column":6},"end":{"line":64,"column":7}},"locations":[{"start":{"line":60,"column":6},"end":{"line":64,"column":7}}]},"10":{"type":"branch","line":65,"loc":{"start":{"line":65,"column":6},"end":{"line":68,"column":7}},"locations":[{"start":{"line":65,"column":6},"end":{"line":68,"column":7}}]},"11":{"type":"branch","line":69,"loc":{"start":{"line":69,"column":6},"end":{"line":70,"column":14}},"locations":[{"start":{"line":69,"column":6},"end":{"line":70,"column":14}}]},"12":{"type":"branch","line":20,"loc":{"start":{"line":20,"column":33},"end":{"line":20,"column":71}},"locations":[{"start":{"line":20,"column":33},"end":{"line":20,"column":71}}]},"13":{"type":"branch","line":61,"loc":{"start":{"line":61,"column":30},"end":{"line":61,"column":67}},"locations":[{"start":{"line":61,"column":30},"end":{"line":61,"column":67}}]},"14":{"type":"branch","line":66,"loc":{"start":{"line":66,"column":30},"end":{"line":66,"column":56}},"locations":[{"start":{"line":66,"column":30},"end":{"line":66,"column":56}}]},"15":{"type":"branch","line":66,"loc":{"start":{"line":66,"column":60},"end":{"line":66,"column":61}},"locations":[{"start":{"line":66,"column":60},"end":{"line":66,"column":61}}]}},"b":{"0":[8],"1":[7],"2":[12],"3":[1],"4":[2],"5":[1],"6":[5],"7":[4],"8":[1],"9":[1],"10":[1],"11":[0],"12":[1],"13":[1],"14":[2],"15":[1]},"fnMap":{"0":{"name":"createStore","decl":{"start":{"line":9,"column":15},"end":{"line":81,"column":1}},"loc":{"start":{"line":9,"column":15},"end":{"line":81,"column":1}},"line":9},"1":{"name":"getState","decl":{"start":{"line":13,"column":19},"end":{"line":13,"column":31}},"loc":{"start":{"line":13,"column":19},"end":{"line":13,"column":31}},"line":13},"2":{"name":"subscribe","decl":{"start":{"line":15,"column":21},"end":{"line":15,"column":47}},"loc":{"start":{"line":15,"column":21},"end":{"line":15,"column":47}},"line":15},"3":{"name":"dispatch","decl":{"start":{"line":17,"column":20},"end":{"line":74,"column":4}},"loc":{"start":{"line":17,"column":20},"end":{"line":74,"column":4}},"line":17}},"f":{"0":8,"1":7,"2":0,"3":12}}
,"C:\\Users\\User\\Desktop\\tammy's pro file\\To-Do\\src\\todo-store.js": {"path":"C:\\Users\\User\\Desktop\\tammy's pro file\\To-Do\\src\\todo-store.js","all":false,"statementMap":{"0":{"start":{"line":1,"column":0},"end":{"line":1,"column":21}},"1":{"start":{"line":2,"column":0},"end":{"line":2,"column":9}},"2":{"start":{"line":3,"column":0},"end":{"line":3,"column":13}},"3":{"start":{"line":4,"column":0},"end":{"line":4,"column":13}},"4":{"start":{"line":5,"column":0},"end":{"line":5,"column":11}},"5":{"start":{"line":6,"column":0},"end":{"line":6,"column":12}},"6":{"start":{"line":7,"column":0},"end":{"line":7,"column":14}},"7":{"start":{"line":8,"column":0},"end":{"line":8,"column":18}},"8":{"start":{"line":9,"column":0},"end":{"line":9,"column":20}},"9":{"start":{"line":10,"column":0},"end":{"line":10,"column":0}},"10":{"start":{"line":11,"column":0},"end":{"line":11,"column":17}},"11":{"start":{"line":12,"column":0},"end":{"line":12,"column":17}},"12":{"start":{"line":13,"column":0},"end":{"line":13,"column":31}},"13":{"start":{"line":14,"column":0},"end":{"line":14,"column":3}},"14":{"start":{"line":15,"column":0},"end":{"line":15,"column":0}},"15":{"start":{"line":16,"column":0},"end":{"line":16,"column":15}},"16":{"start":{"line":17,"column":0},"end":{"line":17,"column":33}},"17":{"start":{"line":18,"column":0},"end":{"line":18,"column":3}},"18":{"start":{"line":19,"column":0},"end":{"line":19,"column":0}},"19":{"start":{"line":20,"column":0},"end":{"line":20,"column":21}},"20":{"start":{"line":21,"column":0},"end":{"line":21,"column":25}},"21":{"start":{"line":22,"column":0},"end":{"line":22,"column":19}},"22":{"start":{"line":23,"column":0},"end":{"line":23,"column":12}},"23":{"start":{"line":24,"column":0},"end":{"line":24,"column":7}},"24":{"start":{"line":25,"column":0},"end":{"line":25,"column":3}},"25":{"start":{"line":26,"column":0},"end":{"line":26,"column":0}},"26":{"start":{"line":27,"column":0},"end":{"line":27,"column":20}},"27":{"start":{"line":28,"column":0},"end":{"line":28,"column":25}},"28":{"start":{"line":29,"column":0},"end":{"line":29,"column":23}},"29":{"start":{"line":30,"column":0},"end":{"line":30,"column":12}},"30":{"start":{"line":31,"column":0},"end":{"line":31,"column":7}},"31":{"start":{"line":32,"column":0},"end":{"line":32,"column":3}},"32":{"start":{"line":33,"column":0},"end":{"line":33,"column":0}},"33":{"start":{"line":34,"column":0},"end":{"line":34,"column":27}},"34":{"start":{"line":35,"column":0},"end":{"line":35,"column":25}},"35":{"start":{"line":36,"column":0},"end":{"line":36,"column":23}},"36":{"start":{"line":37,"column":0},"end":{"line":37,"column":13}},"37":{"start":{"line":38,"column":0},"end":{"line":38,"column":11}},"38":{"start":{"line":39,"column":0},"end":{"line":39,"column":7}},"39":{"start":{"line":40,"column":0},"end":{"line":40,"column":3}},"40":{"start":{"line":41,"column":0},"end":{"line":41,"column":0}},"41":{"start":{"line":42,"column":0},"end":{"line":42,"column":17}},"42":{"start":{"line":43,"column":0},"end":{"line":43,"column":25}},"43":{"start":{"line":44,"column":0},"end":{"line":44,"column":21}},"44":{"start":{"line":45,"column":0},"end":{"line":45,"column":11}},"45":{"start":{"line":46,"column":0},"end":{"line":46,"column":7}},"46":{"start":{"line":47,"column":0},"end":{"line":47,"column":3}},"47":{"start":{"line":48,"column":0},"end":{"line":48,"column":0}},"48":{"start":{"line":49,"column":0},"end":{"line":49,"column":25}},"49":{"start":{"line":50,"column":0},"end":{"line":50,"column":25}},"50":{"start":{"line":51,"column":0},"end":{"line":51,"column":22}},"51":{"start":{"line":52,"column":0},"end":{"line":52,"column":12}},"52":{"start":{"line":53,"column":0},"end":{"line":53,"column":11}},"53":{"start":{"line":54,"column":0},"end":{"line":54,"column":7}},"54":{"start":{"line":55,"column":0},"end":{"line":55,"column":3}},"55":{"start":{"line":56,"column":0},"end":{"line":56,"column":0}},"56":{"start":{"line":57,"column":0},"end":{"line":57,"column":21}},"57":{"start":{"line":58,"column":0},"end":{"line":58,"column":25}},"58":{"start":{"line":59,"column":0},"end":{"line":59,"column":24}},"59":{"start":{"line":60,"column":0},"end":{"line":60,"column":12}},"60":{"start":{"line":61,"column":0},"end":{"line":61,"column":7}},"61":{"start":{"line":62,"column":0},"end":{"line":62,"column":3}},"62":{"start":{"line":63,"column":0},"end":{"line":63,"column":0}},"63":{"start":{"line":64,"column":0},"end":{"line":64,"column":20}},"64":{"start":{"line":65,"column":0},"end":{"line":65,"column":25}},"65":{"start":{"line":66,"column":0},"end":{"line":66,"column":28}},"66":{"start":{"line":67,"column":0},"end":{"line":67,"column":7}},"67":{"start":{"line":68,"column":0},"end":{"line":68,"column":3}},"68":{"start":{"line":69,"column":0},"end":{"line":69,"column":0}},"69":{"start":{"line":70,"column":0},"end":{"line":70,"column":22}},"70":{"start":{"line":71,"column":0},"end":{"line":71,"column":35}},"71":{"start":{"line":72,"column":0},"end":{"line":72,"column":3}},"72":{"start":{"line":73,"column":0},"end":{"line":73,"column":1}},"73":{"start":{"line":74,"column":0},"end":{"line":74,"column":0}},"74":{"start":{"line":75,"column":0},"end":{"line":75,"column":31}},"75":{"start":{"line":76,"column":0},"end":{"line":76,"column":0}},"76":{"start":{"line":77,"column":0},"end":{"line":77,"column":30}},"77":{"start":{"line":78,"column":0},"end":{"line":78,"column":21}}},"s":{"0":1,"1":1,"2":1,"3":1,"4":1,"5":1,"6":1,"7":1,"8":1,"9":1,"10":1,"11":1,"12":8,"13":8,"14":1,"15":1,"16":7,"17":7,"18":1,"19":1,"20":1,"21":1,"22":1,"23":1,"24":1,"25":1,"26":1,"27":2,"28":2,"29":2,"30":2,"31":2,"32":1,"33":1,"34":1,"35":1,"36":1,"37":1,"38":1,"39":1,"40":1,"41":1,"42":5,"43":5,"44":5,"45":5,"46":5,"47":1,"48":1,"49":1,"50":1,"51":1,"52":1,"53":1,"54":1,"55":1,"56":1,"57":1,"58":1,"59":1,"60":1,"61":1,"62":1,"63":1,"64":1,"65":1,"66":1,"67":1,"68":1,"69":1,"70":0,"71":0,"72":1,"73":1,"74":1,"75":1,"76":1,"77":1},"branchMap":{"0":{"type":"branch","line":12,"loc":{"start":{"line":12,"column":2},"end":{"line":14,"column":3}},"locations":[{"start":{"line":12,"column":2},"end":{"line":14,"column":3}}]},"1":{"type":"branch","line":16,"loc":{"start":{"line":16,"column":11},"end":{"line":18,"column":3}},"locations":[{"start":{"line":16,"column":11},"end":{"line":18,"column":3}}]},"2":{"type":"branch","line":20,"loc":{"start":{"line":20,"column":2},"end":{"line":25,"column":3}},"locations":[{"start":{"line":20,"column":2},"end":{"line":25,"column":3}}]},"3":{"type":"branch","line":27,"loc":{"start":{"line":27,"column":2},"end":{"line":32,"column":3}},"locations":[{"start":{"line":27,"column":2},"end":{"line":32,"column":3}}]},"4":{"type":"branch","line":34,"loc":{"start":{"line":34,"column":2},"end":{"line":40,"column":3}},"locations":[{"start":{"line":34,"column":2},"end":{"line":40,"column":3}}]},"5":{"type":"branch","line":42,"loc":{"start":{"line":42,"column":2},"end":{"line":47,"column":3}},"locations":[{"start":{"line":42,"column":2},"end":{"line":47,"column":3}}]},"6":{"type":"branch","line":49,"loc":{"start":{"line":49,"column":2},"end":{"line":55,"column":3}},"locations":[{"start":{"line":49,"column":2},"end":{"line":55,"column":3}}]},"7":{"type":"branch","line":57,"loc":{"start":{"line":57,"column":2},"end":{"line":62,"column":3}},"locations":[{"start":{"line":57,"column":2},"end":{"line":62,"column":3}}]},"8":{"type":"branch","line":64,"loc":{"start":{"line":64,"column":2},"end":{"line":68,"column":3}},"locations":[{"start":{"line":64,"column":2},"end":{"line":68,"column":3}}]}},"b":{"0":[8],"1":[7],"2":[1],"3":[2],"4":[1],"5":[5],"6":[1],"7":[1],"8":[1]},"fnMap":{"0":{"name":"TodoStore","decl":{"start":{"line":12,"column":2},"end":{"line":14,"column":3}},"loc":{"start":{"line":12,"column":2},"end":{"line":14,"column":3}},"line":12},"1":{"name":"get todos","decl":{"start":{"line":16,"column":11},"end":{"line":18,"column":3}},"loc":{"start":{"line":16,"column":11},"end":{"line":18,"column":3}},"line":16},"2":{"name":"toggleTodo","decl":{"start":{"line":20,"column":2},"end":{"line":25,"column":3}},"loc":{"start":{"line":20,"column":2},"end":{"line":25,"column":3}},"line":20},"3":{"name":"loadTodos","decl":{"start":{"line":27,"column":2},"end":{"line":32,"column":3}},"loc":{"start":{"line":27,"column":2},"end":{"line":32,"column":3}},"line":27},"4":{"name":"swapTodos","decl":{"start":{"line":34,"column":2},"end":{"line":40,"column":3}},"loc":{"start":{"line":34,"column":2},"end":{"line":40,"column":3}},"line":34},"5":{"name":"addTodo","decl":{"start":{"line":42,"column":2},"end":{"line":47,"column":3}},"loc":{"start":{"line":42,"column":2},"end":{"line":47,"column":3}},"line":42},"6":{"name":"editTodo","decl":{"start":{"line":49,"column":2},"end":{"line":55,"column":3}},"loc":{"start":{"line":49,"column":2},"end":{"line":55,"column":3}},"line":49},"7":{"name":"deleteTodo","decl":{"start":{"line":57,"column":2},"end":{"line":62,"column":3}},"loc":{"start":{"line":57,"column":2},"end":{"line":62,"column":3}},"line":57},"8":{"name":"clearCompleted","decl":{"start":{"line":64,"column":2},"end":{"line":68,"column":3}},"loc":{"start":{"line":64,"column":2},"end":{"line":68,"column":3}},"line":64},"9":{"name":"onUpdate","decl":{"start":{"line":70,"column":2},"end":{"line":72,"column":3}},"loc":{"start":{"line":70,"column":2},"end":{"line":72,"column":3}},"line":70}},"f":{"0":8,"1":7,"2":1,"3":2,"4":1,"5":5,"6":1,"7":1,"8":1,"9":0}}
}
