TN:
SF:src\store.js
FN:9,createStore
FN:13,getState
FN:15,subscribe
FN:17,dispatch
FNF:4
FNH:3
FNDA:8,createStore
FNDA:7,getState
FNDA:0,subscribe
FNDA:12,dispatch
DA:1,1
DA:2,1
DA:3,1
DA:4,1
DA:5,1
DA:6,1
DA:7,1
DA:8,1
DA:9,1
DA:10,8
DA:11,8
DA:12,8
DA:13,8
DA:14,8
DA:15,8
DA:16,8
DA:17,8
DA:18,12
DA:19,12
DA:20,1
DA:21,1
DA:22,1
DA:23,1
DA:24,12
DA:25,2
DA:26,2
DA:27,2
DA:28,12
DA:29,1
DA:30,1
DA:31,1
DA:32,1
DA:33,1
DA:34,1
DA:35,1
DA:36,1
DA:37,1
DA:38,1
DA:39,1
DA:40,1
DA:41,1
DA:42,12
DA:43,5
DA:44,4
DA:45,4
DA:46,4
DA:47,4
DA:48,4
DA:49,4
DA:50,4
DA:51,5
DA:52,5
DA:53,12
DA:54,1
DA:55,1
DA:56,1
DA:57,1
DA:58,1
DA:59,1
DA:60,12
DA:61,1
DA:62,1
DA:63,1
DA:64,1
DA:65,12
DA:66,1
DA:67,1
DA:68,1
DA:69,12
DA:70,0
DA:71,12
DA:72,12
DA:73,12
DA:74,12
DA:75,8
DA:76,8
DA:77,8
DA:78,8
DA:79,8
DA:80,8
DA:81,8
LF:81
LH:80
BRDA:9,0,0,8
BRDA:13,1,0,7
BRDA:17,2,0,12
BRDA:19,3,0,1
BRDA:24,4,0,2
BRDA:28,5,0,1
BRDA:42,6,0,5
BRDA:43,7,0,4
BRDA:53,8,0,1
BRDA:60,9,0,1
BRDA:65,10,0,1
BRDA:69,11,0,0
BRDA:20,12,0,1
BRDA:61,13,0,1
BRDA:66,14,0,2
BRDA:66,15,0,1
BRF:16
BRH:15
end_of_record
TN:
SF:src\todo-store.js
FN:12,TodoStore
FN:16,get todos
FN:20,toggleTodo
FN:27,loadTodos
FN:34,swapTodos
FN:42,addTodo
FN:49,editTodo
FN:57,deleteTodo
FN:64,clearCompleted
FN:70,onUpdate
FNF:10
FNH:9
FNDA:8,TodoStore
FNDA:7,get todos
FNDA:1,toggleTodo
FNDA:2,loadTodos
FNDA:1,swapTodos
FNDA:5,addTodo
FNDA:1,editTodo
FNDA:1,deleteTodo
FNDA:1,clearCompleted
FNDA:0,onUpdate
DA:1,1
DA:2,1
DA:3,1
DA:4,1
DA:5,1
DA:6,1
DA:7,1
DA:8,1
DA:9,1
DA:10,1
DA:11,1
DA:12,1
DA:13,8
DA:14,8
DA:15,1
DA:16,1
DA:17,7
DA:18,7
DA:19,1
DA:20,1
DA:21,1
DA:22,1
DA:23,1
DA:24,1
DA:25,1
DA:26,1
DA:27,1
DA:28,2
DA:29,2
DA:30,2
DA:31,2
DA:32,2
DA:33,1
DA:34,1
DA:35,1
DA:36,1
DA:37,1
DA:38,1
DA:39,1
DA:40,1
DA:41,1
DA:42,1
DA:43,5
DA:44,5
DA:45,5
DA:46,5
DA:47,5
DA:48,1
DA:49,1
DA:50,1
DA:51,1
DA:52,1
DA:53,1
DA:54,1
DA:55,1
DA:56,1
DA:57,1
DA:58,1
DA:59,1
DA:60,1
DA:61,1
DA:62,1
DA:63,1
DA:64,1
DA:65,1
DA:66,1
DA:67,1
DA:68,1
DA:69,1
DA:70,1
DA:71,0
DA:72,0
DA:73,1
DA:74,1
DA:75,1
DA:76,1
DA:77,1
DA:78,1
LF:78
LH:76
BRDA:12,0,0,8
BRDA:16,1,0,7
BRDA:20,2,0,1
BRDA:27,3,0,2
BRDA:34,4,0,1
BRDA:42,5,0,5
BRDA:49,6,0,1
BRDA:57,7,0,1
BRDA:64,8,0,1
BRF:9
BRH:9
end_of_record
